{"C:\\Users\\djpal\\OneDrive\\Documents\\GitHub\\IDX-Exchange-Project-A-Property-Search-Application\\backend\\routes\\properties.js": {"path":"C:\\Users\\djpal\\OneDrive\\Documents\\GitHub\\IDX-Exchange-Project-A-Property-Search-Application\\backend\\routes\\properties.js","statementMap":{"0":{"start":{"line":1,"column":16},"end":{"line":1,"column":34}},"1":{"start":{"line":2,"column":15},"end":{"line":2,"column":31}},"2":{"start":{"line":3,"column":13},"end":{"line":3,"column":29}},"3":{"start":{"line":6,"column":23},"end":{"line":11,"column":1}},"4":{"start":{"line":14,"column":0},"end":{"line":42,"column":3}},"5":{"start":{"line":15,"column":4},"end":{"line":41,"column":5}},"6":{"start":{"line":16,"column":23},"end":{"line":16,"column":33}},"7":{"start":{"line":18,"column":8},"end":{"line":20,"column":9}},"8":{"start":{"line":19,"column":12},"end":{"line":19,"column":73}},"9":{"start":{"line":23,"column":27},"end":{"line":26,"column":9}},"10":{"start":{"line":28,"column":8},"end":{"line":30,"column":9}},"11":{"start":{"line":29,"column":12},"end":{"line":29,"column":79}},"12":{"start":{"line":32,"column":29},"end":{"line":35,"column":9}},"13":{"start":{"line":37,"column":8},"end":{"line":37,"column":29}},"14":{"start":{"line":40,"column":8},"end":{"line":40,"column":55}},"15":{"start":{"line":44,"column":0},"end":{"line":66,"column":3}},"16":{"start":{"line":45,"column":4},"end":{"line":65,"column":5}},"17":{"start":{"line":46,"column":23},"end":{"line":46,"column":33}},"18":{"start":{"line":48,"column":8},"end":{"line":50,"column":9}},"19":{"start":{"line":49,"column":12},"end":{"line":49,"column":73}},"20":{"start":{"line":52,"column":23},"end":{"line":55,"column":9}},"21":{"start":{"line":57,"column":8},"end":{"line":59,"column":9}},"22":{"start":{"line":58,"column":12},"end":{"line":58,"column":79}},"23":{"start":{"line":61,"column":8},"end":{"line":61,"column":26}},"24":{"start":{"line":64,"column":8},"end":{"line":64,"column":55}},"25":{"start":{"line":68,"column":0},"end":{"line":152,"column":3}},"26":{"start":{"line":69,"column":4},"end":{"line":151,"column":5}},"27":{"start":{"line":70,"column":22},"end":{"line":70,"column":84}},"28":{"start":{"line":71,"column":23},"end":{"line":71,"column":86}},"29":{"start":{"line":73,"column":8},"end":{"line":75,"column":9}},"30":{"start":{"line":74,"column":12},"end":{"line":74,"column":86}},"31":{"start":{"line":76,"column":8},"end":{"line":78,"column":9}},"32":{"start":{"line":77,"column":12},"end":{"line":77,"column":91}},"33":{"start":{"line":81,"column":38},"end":{"line":81,"column":47}},"34":{"start":{"line":83,"column":8},"end":{"line":87,"column":9}},"35":{"start":{"line":84,"column":12},"end":{"line":86,"column":15}},"36":{"start":{"line":89,"column":8},"end":{"line":93,"column":9}},"37":{"start":{"line":90,"column":12},"end":{"line":92,"column":15}},"38":{"start":{"line":96,"column":27},"end":{"line":96,"column":29}},"39":{"start":{"line":97,"column":23},"end":{"line":97,"column":25}},"40":{"start":{"line":99,"column":8},"end":{"line":102,"column":9}},"41":{"start":{"line":100,"column":12},"end":{"line":100,"column":68}},"42":{"start":{"line":101,"column":12},"end":{"line":101,"column":40}},"43":{"start":{"line":103,"column":8},"end":{"line":106,"column":9}},"44":{"start":{"line":104,"column":12},"end":{"line":104,"column":41}},"45":{"start":{"line":105,"column":12},"end":{"line":105,"column":43}},"46":{"start":{"line":107,"column":8},"end":{"line":111,"column":9}},"47":{"start":{"line":108,"column":12},"end":{"line":108,"column":111}},"48":{"start":{"line":108,"column":43},"end":{"line":108,"column":111}},"49":{"start":{"line":109,"column":12},"end":{"line":109,"column":50}},"50":{"start":{"line":110,"column":12},"end":{"line":110,"column":52}},"51":{"start":{"line":112,"column":8},"end":{"line":116,"column":9}},"52":{"start":{"line":113,"column":12},"end":{"line":113,"column":111}},"53":{"start":{"line":113,"column":43},"end":{"line":113,"column":111}},"54":{"start":{"line":114,"column":12},"end":{"line":114,"column":50}},"55":{"start":{"line":115,"column":12},"end":{"line":115,"column":52}},"56":{"start":{"line":117,"column":8},"end":{"line":121,"column":9}},"57":{"start":{"line":118,"column":12},"end":{"line":118,"column":103}},"58":{"start":{"line":118,"column":39},"end":{"line":118,"column":103}},"59":{"start":{"line":119,"column":12},"end":{"line":119,"column":47}},"60":{"start":{"line":120,"column":12},"end":{"line":120,"column":48}},"61":{"start":{"line":122,"column":8},"end":{"line":126,"column":9}},"62":{"start":{"line":123,"column":12},"end":{"line":123,"column":105}},"63":{"start":{"line":123,"column":40},"end":{"line":123,"column":105}},"64":{"start":{"line":124,"column":12},"end":{"line":124,"column":45}},"65":{"start":{"line":125,"column":12},"end":{"line":125,"column":49}},"66":{"start":{"line":128,"column":22},"end":{"line":128,"column":86}},"67":{"start":{"line":131,"column":28},"end":{"line":131,"column":75}},"68":{"start":{"line":132,"column":31},"end":{"line":132,"column":82}},"69":{"start":{"line":133,"column":24},"end":{"line":133,"column":67}},"70":{"start":{"line":136,"column":27},"end":{"line":136,"column":81}},"71":{"start":{"line":137,"column":26},"end":{"line":137,"column":195}},"72":{"start":{"line":139,"column":30},"end":{"line":139,"column":66}},"73":{"start":{"line":140,"column":26},"end":{"line":140,"column":81}},"74":{"start":{"line":142,"column":8},"end":{"line":147,"column":11}},"75":{"start":{"line":150,"column":8},"end":{"line":150,"column":55}},"76":{"start":{"line":154,"column":0},"end":{"line":154,"column":24}}},"fnMap":{"0":{"name":"(anonymous_0)","decl":{"start":{"line":14,"column":30},"end":{"line":14,"column":31}},"loc":{"start":{"line":14,"column":50},"end":{"line":42,"column":1}},"line":14},"1":{"name":"(anonymous_1)","decl":{"start":{"line":44,"column":19},"end":{"line":44,"column":20}},"loc":{"start":{"line":44,"column":39},"end":{"line":66,"column":1}},"line":44},"2":{"name":"(anonymous_2)","decl":{"start":{"line":68,"column":16},"end":{"line":68,"column":17}},"loc":{"start":{"line":68,"column":36},"end":{"line":152,"column":1}},"line":68}},"branchMap":{"0":{"loc":{"start":{"line":18,"column":8},"end":{"line":20,"column":9}},"type":"if","locations":[{"start":{"line":18,"column":8},"end":{"line":20,"column":9}},{"start":{},"end":{}}],"line":18},"1":{"loc":{"start":{"line":18,"column":12},"end":{"line":18,"column":47}},"type":"binary-expr","locations":[{"start":{"line":18,"column":12},"end":{"line":18,"column":29}},{"start":{"line":18,"column":33},"end":{"line":18,"column":47}}],"line":18},"2":{"loc":{"start":{"line":28,"column":8},"end":{"line":30,"column":9}},"type":"if","locations":[{"start":{"line":28,"column":8},"end":{"line":30,"column":9}},{"start":{},"end":{}}],"line":28},"3":{"loc":{"start":{"line":48,"column":8},"end":{"line":50,"column":9}},"type":"if","locations":[{"start":{"line":48,"column":8},"end":{"line":50,"column":9}},{"start":{},"end":{}}],"line":48},"4":{"loc":{"start":{"line":48,"column":12},"end":{"line":48,"column":47}},"type":"binary-expr","locations":[{"start":{"line":48,"column":12},"end":{"line":48,"column":29}},{"start":{"line":48,"column":33},"end":{"line":48,"column":47}}],"line":48},"5":{"loc":{"start":{"line":57,"column":8},"end":{"line":59,"column":9}},"type":"if","locations":[{"start":{"line":57,"column":8},"end":{"line":59,"column":9}},{"start":{},"end":{}}],"line":57},"6":{"loc":{"start":{"line":70,"column":22},"end":{"line":70,"column":84}},"type":"cond-expr","locations":[{"start":{"line":70,"column":54},"end":{"line":70,"column":79}},{"start":{"line":70,"column":82},"end":{"line":70,"column":84}}],"line":70},"7":{"loc":{"start":{"line":71,"column":23},"end":{"line":71,"column":86}},"type":"cond-expr","locations":[{"start":{"line":71,"column":56},"end":{"line":71,"column":82}},{"start":{"line":71,"column":85},"end":{"line":71,"column":86}}],"line":71},"8":{"loc":{"start":{"line":73,"column":8},"end":{"line":75,"column":9}},"type":"if","locations":[{"start":{"line":73,"column":8},"end":{"line":75,"column":9}},{"start":{},"end":{}}],"line":73},"9":{"loc":{"start":{"line":73,"column":12},"end":{"line":73,"column":36}},"type":"binary-expr","locations":[{"start":{"line":73,"column":12},"end":{"line":73,"column":21}},{"start":{"line":73,"column":25},"end":{"line":73,"column":36}}],"line":73},"10":{"loc":{"start":{"line":76,"column":8},"end":{"line":78,"column":9}},"type":"if","locations":[{"start":{"line":76,"column":8},"end":{"line":78,"column":9}},{"start":{},"end":{}}],"line":76},"11":{"loc":{"start":{"line":76,"column":12},"end":{"line":76,"column":39}},"type":"binary-expr","locations":[{"start":{"line":76,"column":12},"end":{"line":76,"column":22}},{"start":{"line":76,"column":26},"end":{"line":76,"column":39}}],"line":76},"12":{"loc":{"start":{"line":83,"column":8},"end":{"line":87,"column":9}},"type":"if","locations":[{"start":{"line":83,"column":8},"end":{"line":87,"column":9}},{"start":{},"end":{}}],"line":83},"13":{"loc":{"start":{"line":83,"column":12},"end":{"line":83,"column":45}},"type":"binary-expr","locations":[{"start":{"line":83,"column":12},"end":{"line":83,"column":18}},{"start":{"line":83,"column":22},"end":{"line":83,"column":45}}],"line":83},"14":{"loc":{"start":{"line":89,"column":8},"end":{"line":93,"column":9}},"type":"if","locations":[{"start":{"line":89,"column":8},"end":{"line":93,"column":9}},{"start":{},"end":{}}],"line":89},"15":{"loc":{"start":{"line":89,"column":12},"end":{"line":89,"column":75}},"type":"binary-expr","locations":[{"start":{"line":89,"column":12},"end":{"line":89,"column":21}},{"start":{"line":89,"column":25},"end":{"line":89,"column":75}}],"line":89},"16":{"loc":{"start":{"line":99,"column":8},"end":{"line":102,"column":9}},"type":"if","locations":[{"start":{"line":99,"column":8},"end":{"line":102,"column":9}},{"start":{},"end":{}}],"line":99},"17":{"loc":{"start":{"line":103,"column":8},"end":{"line":106,"column":9}},"type":"if","locations":[{"start":{"line":103,"column":8},"end":{"line":106,"column":9}},{"start":{},"end":{}}],"line":103},"18":{"loc":{"start":{"line":107,"column":8},"end":{"line":111,"column":9}},"type":"if","locations":[{"start":{"line":107,"column":8},"end":{"line":111,"column":9}},{"start":{},"end":{}}],"line":107},"19":{"loc":{"start":{"line":108,"column":12},"end":{"line":108,"column":111}},"type":"if","locations":[{"start":{"line":108,"column":12},"end":{"line":108,"column":111}},{"start":{},"end":{}}],"line":108},"20":{"loc":{"start":{"line":112,"column":8},"end":{"line":116,"column":9}},"type":"if","locations":[{"start":{"line":112,"column":8},"end":{"line":116,"column":9}},{"start":{},"end":{}}],"line":112},"21":{"loc":{"start":{"line":113,"column":12},"end":{"line":113,"column":111}},"type":"if","locations":[{"start":{"line":113,"column":12},"end":{"line":113,"column":111}},{"start":{},"end":{}}],"line":113},"22":{"loc":{"start":{"line":117,"column":8},"end":{"line":121,"column":9}},"type":"if","locations":[{"start":{"line":117,"column":8},"end":{"line":121,"column":9}},{"start":{},"end":{}}],"line":117},"23":{"loc":{"start":{"line":118,"column":12},"end":{"line":118,"column":103}},"type":"if","locations":[{"start":{"line":118,"column":12},"end":{"line":118,"column":103}},{"start":{},"end":{}}],"line":118},"24":{"loc":{"start":{"line":122,"column":8},"end":{"line":126,"column":9}},"type":"if","locations":[{"start":{"line":122,"column":8},"end":{"line":126,"column":9}},{"start":{},"end":{}}],"line":122},"25":{"loc":{"start":{"line":123,"column":12},"end":{"line":123,"column":105}},"type":"if","locations":[{"start":{"line":123,"column":12},"end":{"line":123,"column":105}},{"start":{},"end":{}}],"line":123},"26":{"loc":{"start":{"line":128,"column":22},"end":{"line":128,"column":86}},"type":"cond-expr","locations":[{"start":{"line":128,"column":46},"end":{"line":128,"column":81}},{"start":{"line":128,"column":84},"end":{"line":128,"column":86}}],"line":128},"27":{"loc":{"start":{"line":131,"column":28},"end":{"line":131,"column":75}},"type":"cond-expr","locations":[{"start":{"line":131,"column":37},"end":{"line":131,"column":59}},{"start":{"line":131,"column":62},"end":{"line":131,"column":75}}],"line":131},"28":{"loc":{"start":{"line":132,"column":31},"end":{"line":132,"column":82}},"type":"cond-expr","locations":[{"start":{"line":132,"column":68},"end":{"line":132,"column":73}},{"start":{"line":132,"column":76},"end":{"line":132,"column":82}}],"line":132}},"s":{"0":1,"1":1,"2":1,"3":1,"4":1,"5":5,"6":5,"7":5,"8":1,"9":4,"10":3,"11":1,"12":2,"13":2,"14":1,"15":1,"16":5,"17":5,"18":5,"19":2,"20":3,"21":2,"22":1,"23":1,"24":1,"25":1,"26":12,"27":12,"28":12,"29":12,"30":2,"31":10,"32":0,"33":10,"34":10,"35":1,"36":9,"37":1,"38":8,"39":8,"40":8,"41":1,"42":1,"43":8,"44":0,"45":0,"46":8,"47":1,"48":1,"49":0,"50":0,"51":7,"52":1,"53":1,"54":0,"55":0,"56":6,"57":1,"58":1,"59":0,"60":0,"61":5,"62":1,"63":1,"64":0,"65":0,"66":4,"67":4,"68":4,"69":4,"70":4,"71":4,"72":4,"73":3,"74":3,"75":1,"76":1},"f":{"0":5,"1":5,"2":12},"b":{"0":[1,4],"1":[5,4],"2":[1,2],"3":[2,3],"4":[5,4],"5":[1,1],"6":[3,9],"7":[1,11],"8":[2,10],"9":[12,11],"10":[0,10],"11":[10,10],"12":[1,9],"13":[10,2],"14":[1,8],"15":[9,1],"16":[1,7],"17":[0,8],"18":[1,7],"19":[1,0],"20":[1,6],"21":[1,0],"22":[1,5],"23":[1,0],"24":[1,4],"25":[1,0],"26":[1,3],"27":[0,4],"28":[0,4]},"_coverageSchema":"1a1c01bbd47fc00a2c39e90264f33305004495a9","hash":"ab13b0987d77002b067ddedc97e779de82028c67"}
}
