TN:
SF:routes\properties.js
FN:14,(anonymous_0)
FN:44,(anonymous_1)
FN:68,(anonymous_2)
FNF:3
FNH:3
FNDA:5,(anonymous_0)
FNDA:5,(anonymous_1)
FNDA:12,(anonymous_2)
DA:1,1
DA:2,1
DA:3,1
DA:6,1
DA:14,1
DA:15,5
DA:16,5
DA:18,5
DA:19,1
DA:23,4
DA:28,3
DA:29,1
DA:32,2
DA:37,2
DA:40,1
DA:44,1
DA:45,5
DA:46,5
DA:48,5
DA:49,2
DA:52,3
DA:57,2
DA:58,1
DA:61,1
DA:64,1
DA:68,1
DA:69,12
DA:70,12
DA:71,12
DA:73,12
DA:74,2
DA:76,10
DA:77,0
DA:81,10
DA:83,10
DA:84,1
DA:89,9
DA:90,1
DA:96,8
DA:97,8
DA:99,8
DA:100,1
DA:101,1
DA:103,8
DA:104,0
DA:105,0
DA:107,8
DA:108,1
DA:109,0
DA:110,0
DA:112,7
DA:113,1
DA:114,0
DA:115,0
DA:117,6
DA:118,1
DA:119,0
DA:120,0
DA:122,5
DA:123,1
DA:124,0
DA:125,0
DA:128,4
DA:131,4
DA:132,4
DA:133,4
DA:136,4
DA:137,4
DA:139,4
DA:140,3
DA:142,3
DA:150,1
DA:154,1
LF:73
LH:62
BRDA:18,0,0,1
BRDA:18,0,1,4
BRDA:18,1,0,5
BRDA:18,1,1,4
BRDA:28,2,0,1
BRDA:28,2,1,2
BRDA:48,3,0,2
BRDA:48,3,1,3
BRDA:48,4,0,5
BRDA:48,4,1,4
BRDA:57,5,0,1
BRDA:57,5,1,1
BRDA:70,6,0,3
BRDA:70,6,1,9
BRDA:71,7,0,1
BRDA:71,7,1,11
BRDA:73,8,0,2
BRDA:73,8,1,10
BRDA:73,9,0,12
BRDA:73,9,1,11
BRDA:76,10,0,0
BRDA:76,10,1,10
BRDA:76,11,0,10
BRDA:76,11,1,10
BRDA:83,12,0,1
BRDA:83,12,1,9
BRDA:83,13,0,10
BRDA:83,13,1,2
BRDA:89,14,0,1
BRDA:89,14,1,8
BRDA:89,15,0,9
BRDA:89,15,1,1
BRDA:99,16,0,1
BRDA:99,16,1,7
BRDA:103,17,0,0
BRDA:103,17,1,8
BRDA:107,18,0,1
BRDA:107,18,1,7
BRDA:108,19,0,1
BRDA:108,19,1,0
BRDA:112,20,0,1
BRDA:112,20,1,6
BRDA:113,21,0,1
BRDA:113,21,1,0
BRDA:117,22,0,1
BRDA:117,22,1,5
BRDA:118,23,0,1
BRDA:118,23,1,0
BRDA:122,24,0,1
BRDA:122,24,1,4
BRDA:123,25,0,1
BRDA:123,25,1,0
BRDA:128,26,0,1
BRDA:128,26,1,3
BRDA:131,27,0,0
BRDA:131,27,1,4
BRDA:132,28,0,0
BRDA:132,28,1,4
BRF:58
BRH:50
end_of_record
